<?xml version="1.0" encoding="UTF-8"?>
<!-- Generated by org.testng.reporters.JUnitXMLReporter -->
<testsuite hostname="echodeMacBook-Pro.local" ignored="0" name="Command line test" tests="1" failures="0" timestamp="2025-03-22T13:01:17 CST" time="0.004" errors="0">
  <testcase name="verifyContextWasAutowired" time="0.0" classname="org.springframework.test.context.cache.ClassLevelDirtiesContextTestNGTests$ClassLevelDirtiesContextWithCleanMethodsAndAfterClassModeTestCase"/>
</testsuite> <!-- Command line test -->
